Change Component Designator: Old Designator=B8 New Designator=B1
Change Component Designator: Old Designator=B9 New Designator=B2
Change Component Designator: Old Designator=B10 New Designator=B3
Change Component Designator: Old Designator=B11 New Designator=B4
Change Component Designator: Old Designator=B12 New Designator=B5
Change Component Designator: Old Designator=B13 New Designator=B6
Change Component Designator: Old Designator=B14 New Designator=B7
Change Component Designator: Old Designator=BR2 New Designator=BR1
Change Component Designator: Old Designator=C46 New Designator=C1
Change Component Designator: Old Designator=C47 New Designator=C2
Change Component Designator: Old Designator=C48 New Designator=C3
Change Component Designator: Old Designator=C49 New Designator=C4
Change Component Designator: Old Designator=C50 New Designator=C5
Change Component Designator: Old Designator=C51 New Designator=C6
Change Component Designator: Old Designator=C52 New Designator=C7
Change Component Designator: Old Designator=C53 New Designator=C8
Change Component Designator: Old Designator=C54 New Designator=C9
Change Component Designator: Old Designator=C55 New Designator=C10
Change Component Designator: Old Designator=C56 New Designator=C11
Change Component Designator: Old Designator=C57 New Designator=C12
Change Component Designator: Old Designator=C58 New Designator=C13
Change Component Designator: Old Designator=C59 New Designator=C14
Change Component Designator: Old Designator=C60 New Designator=C15
Change Component Designator: Old Designator=C61 New Designator=C16
Change Component Designator: Old Designator=C62 New Designator=C17
Change Component Designator: Old Designator=C63 New Designator=C18
Change Component Designator: Old Designator=C64 New Designator=C19
Change Component Designator: Old Designator=C65 New Designator=C20
Change Component Designator: Old Designator=C66 New Designator=C21
Change Component Designator: Old Designator=C67 New Designator=C22
Change Component Designator: Old Designator=C68 New Designator=C23
Change Component Designator: Old Designator=C69 New Designator=C24
Change Component Designator: Old Designator=C70 New Designator=C25
Change Component Designator: Old Designator=C71 New Designator=C26
Change Component Designator: Old Designator=C72 New Designator=C27
Change Component Designator: Old Designator=C73 New Designator=C28
Change Component Designator: Old Designator=C74 New Designator=C29
Change Component Designator: Old Designator=C75 New Designator=C30
Change Component Designator: Old Designator=C76 New Designator=C31
Change Component Designator: Old Designator=C77 New Designator=C32
Change Component Designator: Old Designator=C78 New Designator=C33
Change Component Designator: Old Designator=C79 New Designator=C34
Change Component Designator: Old Designator=C80 New Designator=C35
Change Component Designator: Old Designator=C81 New Designator=C36
Change Component Designator: Old Designator=C82 New Designator=C37
Change Component Designator: Old Designator=C83 New Designator=C38
Change Component Designator: Old Designator=C84 New Designator=C39
Change Component Designator: Old Designator=C85 New Designator=C40
Change Component Designator: Old Designator=C86 New Designator=C41
Change Component Designator: Old Designator=C87 New Designator=C42
Change Component Designator: Old Designator=C88 New Designator=C43
Change Component Designator: Old Designator=C89 New Designator=C44
Change Component Designator: Old Designator=C90 New Designator=C45
Change Component Designator: Old Designator=D4 New Designator=D1
Change Component Designator: Old Designator=D5 New Designator=D2
Change Component Designator: Old Designator=D6 New Designator=D3
Change Component Designator: Old Designator=J7 New Designator=J1
Change Component Designator: Old Designator=J8 New Designator=J2
Change Component Designator: Old Designator=J9 New Designator=J3
Change Component Designator: Old Designator=J10 New Designator=J4
Change Component Designator: Old Designator=J11 New Designator=J5
Change Component Designator: Old Designator=K2 New Designator=K1
Change Component Designator: Old Designator=Q2 New Designator=Q1
Change Component Designator: Old Designator=R15 New Designator=R1
Change Component Designator: Old Designator=R16 New Designator=R2
Change Component Designator: Old Designator=R17 New Designator=R3
Change Component Designator: Old Designator=R18 New Designator=R4
Change Component Designator: Old Designator=R19 New Designator=R5
Change Component Designator: Old Designator=R20 New Designator=R6
Change Component Designator: Old Designator=R21 New Designator=R7
Change Component Designator: Old Designator=R22 New Designator=R8
Change Component Designator: Old Designator=R23 New Designator=R9
Change Component Designator: Old Designator=R24 New Designator=R10
Change Component Designator: Old Designator=R25 New Designator=R11
Change Component Designator: Old Designator=R26 New Designator=R12
Change Component Designator: Old Designator=R27 New Designator=R13
Change Component Designator: Old Designator=R28 New Designator=R14
Change Component Designator: Old Designator=U7 New Designator=U1
Change Component Designator: Old Designator=U8 New Designator=U2
Change Component Designator: Old Designator=U9 New Designator=U3
Change Component Designator: Old Designator=U10 New Designator=U4
Change Component Designator: Old Designator=U11 New Designator=U5
Change Component Designator: Old Designator=U12 New Designator=U6
