Removed Pin From Net: NetName=RP47_PWM1L Pin=J1-2
Removed Pin From Net: NetName=RP44_PWM2H Pin=J1-3
Removed Pin From Net: NetName=RP45_PWM2L Pin=J1-4
Removed Pin From Net: NetName=RP42_PWM3H Pin=J1-5
Removed Pin From Net: NetName=RP43_PWM3L Pin=J1-6
Removed Pin From Net: NetName=AN0 Pin=J1-7
Removed Pin From Net: NetName=ANA0 Pin=J1-8
Removed Pin From Net: NetName=ANA1 Pin=J1-9
Removed Pin From Net: NetName=AN3 Pin=J1-10
Removed Pin From Net: NetName=AN4 Pin=J1-11
Added Pin To Net: NetName=ANA0 Pin=J1-2
Added Pin To Net: NetName=RP47_PWM1L Pin=J1-3
Added Pin To Net: NetName=ANA1 Pin=J1-4
Added Pin To Net: NetName=RP44_PWM2H Pin=J1-5
Added Pin To Net: NetName=AN3 Pin=J1-6
Added Pin To Net: NetName=RP45_PWM2L Pin=J1-7
Added Pin To Net: NetName=AN4 Pin=J1-8
Added Pin To Net: NetName=RP42_PWM3H Pin=J1-9
Added Pin To Net: NetName=AN0 Pin=J1-10
Added Pin To Net: NetName=RP43_PWM3L Pin=J1-11
